G:\MVTK\MVTKCORE\DEBUG\MVTKDICOMREADER.OBJ
G:\MVTK\MVTKCORE\DEBUG\MVTKGARBAGECOLLECTOR.OBJ
G:\MVTK\MVTKCORE\DEBUG\MVTKISOSURFACERAYCASTER.OBJ
G:\MVTK\MVTKCORE\DEBUG\MVTKISOSURFACEVRSCENE.OBJ
G:\MVTK\MVTKCORE\DEBUG\MVTKJPGREADER.OBJ
G:\MVTK\MVTKCORE\DEBUG\MVTKMATRIX4X4.OBJ
G:\MVTK\MVTKCORE\DEBUG\MVTKOBJECT.OBJ
G:\MVTK\MVTKCORE\DEBUG\MVTKQUATERNION.OBJ
G:\MVTK\MVTKCORE\DEBUG\MVTKRAWREADER.OBJ
G:\MVTK\MVTKCORE\DEBUG\MVTKREADER.OBJ
G:\MVTK\MVTKCORE\DEBUG\MVTKSCENE.OBJ
G:\MVTK\MVTKCORE\DEBUG\MVTKSPMD.OBJ
G:\MVTK\MVTKCORE\DEBUG\MVTKTYPICALRAYPRODUCER.OBJ
G:\MVTK\MVTKCORE\DEBUG\MVTKVOLUME.OBJ
G:\MVTK\MVTKCORE\DEBUG\MVTKVOLUMEREADER.OBJ
G:\MVTK\MVTKCORE\DEBUG\MVTKVOLUMETOVOLUMEFILTER.OBJ
G:\MVTK\MVTKCORE\DEBUG\MVTKWRITER.OBJ
G:\MVTK\MVTKCORE\DEBUG\DICOMAPPHELPER.OBJ
G:\MVTK\MVTKCORE\DEBUG\DICOMFILE.OBJ
G:\MVTK\MVTKCORE\DEBUG\DICOMPARSER.OBJ
G:\MVTK\MVTKCORE\DEBUG\MVTKBMPREADER.OBJ
G:\MVTK\MVTKCORE\DEBUG\VC110.PDB
G:\MVTK\MVTKCORE\DEBUG\JDMARKER.OBJ
G:\MVTK\MVTKCORE\DEBUG\JDMASTER.OBJ
G:\MVTK\MVTKCORE\DEBUG\JDMERGE.OBJ
G:\MVTK\MVTKCORE\DEBUG\JDPHUFF.OBJ
G:\MVTK\MVTKCORE\DEBUG\JDPOSTCT.OBJ
G:\MVTK\MVTKCORE\DEBUG\JDSAMPLE.OBJ
G:\MVTK\MVTKCORE\DEBUG\JDTRANS.OBJ
G:\MVTK\MVTKCORE\DEBUG\JERROR.OBJ
G:\MVTK\MVTKCORE\DEBUG\JFDCTFLT.OBJ
G:\MVTK\MVTKCORE\DEBUG\JFDCTFST.OBJ
G:\MVTK\MVTKCORE\DEBUG\JFDCTINT.OBJ
G:\MVTK\MVTKCORE\DEBUG\JIDCTFLT.OBJ
G:\MVTK\MVTKCORE\DEBUG\JIDCTFST.OBJ
G:\MVTK\MVTKCORE\DEBUG\JIDCTINT.OBJ
G:\MVTK\MVTKCORE\DEBUG\JIDCTRED.OBJ
G:\MVTK\MVTKCORE\DEBUG\JMEMMGR.OBJ
G:\MVTK\MVTKCORE\DEBUG\JMEMNOBS.OBJ
G:\MVTK\MVTKCORE\DEBUG\JQUANT1.OBJ
G:\MVTK\MVTKCORE\DEBUG\JQUANT2.OBJ
G:\MVTK\MVTKCORE\DEBUG\JUTILS.OBJ
G:\MVTK\MVTKCORE\DEBUG\JCINIT.OBJ
G:\MVTK\MVTKCORE\DEBUG\JCMAINCT.OBJ
G:\MVTK\MVTKCORE\DEBUG\JCMARKER.OBJ
G:\MVTK\MVTKCORE\DEBUG\JCMASTER.OBJ
G:\MVTK\MVTKCORE\DEBUG\JCOMAPI.OBJ
G:\MVTK\MVTKCORE\DEBUG\JCPARAM.OBJ
G:\MVTK\MVTKCORE\DEBUG\JCPHUFF.OBJ
G:\MVTK\MVTKCORE\DEBUG\JCPREPCT.OBJ
G:\MVTK\MVTKCORE\DEBUG\JCSAMPLE.OBJ
G:\MVTK\MVTKCORE\DEBUG\JCTRANS.OBJ
G:\MVTK\MVTKCORE\DEBUG\JDAPIMIN.OBJ
G:\MVTK\MVTKCORE\DEBUG\JDAPISTD.OBJ
G:\MVTK\MVTKCORE\DEBUG\JDATADST.OBJ
G:\MVTK\MVTKCORE\DEBUG\JDATASRC.OBJ
G:\MVTK\MVTKCORE\DEBUG\JDCOEFCT.OBJ
G:\MVTK\MVTKCORE\DEBUG\JDCOLOR.OBJ
G:\MVTK\MVTKCORE\DEBUG\JDDCTMGR.OBJ
G:\MVTK\MVTKCORE\DEBUG\JDHUFF.OBJ
G:\MVTK\MVTKCORE\DEBUG\JDINPUT.OBJ
G:\MVTK\MVTKCORE\DEBUG\JDMAINCT.OBJ
G:\MVTK\MVTKCORE\DEBUG\JCAPIMIN.OBJ
G:\MVTK\MVTKCORE\DEBUG\JCAPISTD.OBJ
G:\MVTK\MVTKCORE\DEBUG\JCCOEFCT.OBJ
G:\MVTK\MVTKCORE\DEBUG\JCCOLOR.OBJ
G:\MVTK\MVTKCORE\DEBUG\JCDCTMGR.OBJ
G:\MVTK\MVTKCORE\DEBUG\JCHUFF.OBJ
G:\MVTK\DEBUG\MVTKCORE.ILK
G:\MVTK\DEBUG\MVTKCORE.DLL
G:\MVTK\DEBUG\MVTKCORE.PDB
G:\mvtk\Debug\mvtkCore.lib
G:\mvtk\Debug\mvtkCore.exp
G:\mvtk\mvtkCore\Debug\DICOMAppHelper.obj
G:\mvtk\mvtkCore\Debug\DICOMFile.obj
G:\mvtk\mvtkCore\Debug\DICOMParser.obj
G:\mvtk\mvtkCore\Debug\jcapimin.obj
G:\mvtk\mvtkCore\Debug\jcapistd.obj
G:\mvtk\mvtkCore\Debug\jccoefct.obj
G:\mvtk\mvtkCore\Debug\jccolor.obj
G:\mvtk\mvtkCore\Debug\jcdctmgr.obj
G:\mvtk\mvtkCore\Debug\jchuff.obj
G:\mvtk\mvtkCore\Debug\jcinit.obj
G:\mvtk\mvtkCore\Debug\jcmainct.obj
G:\mvtk\mvtkCore\Debug\jcmarker.obj
G:\mvtk\mvtkCore\Debug\jcmaster.obj
G:\mvtk\mvtkCore\Debug\jcomapi.obj
G:\mvtk\mvtkCore\Debug\jcparam.obj
G:\mvtk\mvtkCore\Debug\jcphuff.obj
G:\mvtk\mvtkCore\Debug\jcprepct.obj
G:\mvtk\mvtkCore\Debug\jcsample.obj
G:\mvtk\mvtkCore\Debug\jctrans.obj
G:\mvtk\mvtkCore\Debug\jdapimin.obj
G:\mvtk\mvtkCore\Debug\jdapistd.obj
G:\mvtk\mvtkCore\Debug\jdatadst.obj
G:\mvtk\mvtkCore\Debug\jdatasrc.obj
G:\mvtk\mvtkCore\Debug\jdcoefct.obj
G:\mvtk\mvtkCore\Debug\jdcolor.obj
G:\mvtk\mvtkCore\Debug\jddctmgr.obj
G:\mvtk\mvtkCore\Debug\jdhuff.obj
G:\mvtk\mvtkCore\Debug\jdinput.obj
G:\mvtk\mvtkCore\Debug\jdmainct.obj
G:\mvtk\mvtkCore\Debug\jdmarker.obj
G:\mvtk\mvtkCore\Debug\jdmaster.obj
G:\mvtk\mvtkCore\Debug\jdmerge.obj
G:\mvtk\mvtkCore\Debug\jdphuff.obj
G:\mvtk\mvtkCore\Debug\jdpostct.obj
G:\mvtk\mvtkCore\Debug\jdsample.obj
G:\mvtk\mvtkCore\Debug\jdtrans.obj
G:\mvtk\mvtkCore\Debug\jerror.obj
G:\mvtk\mvtkCore\Debug\jfdctflt.obj
G:\mvtk\mvtkCore\Debug\jfdctfst.obj
G:\mvtk\mvtkCore\Debug\jfdctint.obj
G:\mvtk\mvtkCore\Debug\jidctflt.obj
G:\mvtk\mvtkCore\Debug\jidctfst.obj
G:\mvtk\mvtkCore\Debug\jidctint.obj
G:\mvtk\mvtkCore\Debug\jidctred.obj
G:\mvtk\mvtkCore\Debug\jmemmgr.obj
G:\mvtk\mvtkCore\Debug\jmemnobs.obj
G:\mvtk\mvtkCore\Debug\jquant1.obj
G:\mvtk\mvtkCore\Debug\jquant2.obj
G:\mvtk\mvtkCore\Debug\jutils.obj
G:\mvtk\mvtkCore\Debug\mvtkBMPReader.obj
G:\mvtk\mvtkCore\Debug\mvtkDICOMReader.obj
G:\mvtk\mvtkCore\Debug\mvtkGarbageCollector.obj
G:\mvtk\mvtkCore\Debug\mvtkIsosurfaceRayCaster.obj
G:\mvtk\mvtkCore\Debug\mvtkIsosurfaceVRScene.obj
G:\mvtk\mvtkCore\Debug\mvtkJPGReader.obj
G:\mvtk\mvtkCore\Debug\mvtkMatrix4x4.obj
G:\mvtk\mvtkCore\Debug\mvtkObject.obj
G:\mvtk\mvtkCore\Debug\mvtkQuaternion.obj
G:\mvtk\mvtkCore\Debug\mvtkRawReader.obj
G:\mvtk\mvtkCore\Debug\mvtkReader.obj
G:\mvtk\mvtkCore\Debug\mvtkScene.obj
G:\mvtk\mvtkCore\Debug\mvtkSPMD.obj
G:\mvtk\mvtkCore\Debug\mvtkTypicalRayProducer.obj
G:\mvtk\mvtkCore\Debug\mvtkVolume.obj
G:\mvtk\mvtkCore\Debug\mvtkVolumeReader.obj
G:\mvtk\mvtkCore\Debug\mvtkVolumeToVolumeFilter.obj
G:\mvtk\mvtkCore\Debug\mvtkWriter.obj
G:\mvtk\mvtkCore\Debug\cl.command.1.tlog
G:\mvtk\mvtkCore\Debug\CL.read.1.tlog
G:\mvtk\mvtkCore\Debug\CL.write.1.tlog
G:\mvtk\mvtkCore\Debug\link-cvtres.read.1.tlog
G:\mvtk\mvtkCore\Debug\link-cvtres.write.1.tlog
G:\mvtk\mvtkCore\Debug\link-rc.read.1.tlog
G:\mvtk\mvtkCore\Debug\link-rc.write.1.tlog
G:\mvtk\mvtkCore\Debug\link.command.1.tlog
G:\mvtk\mvtkCore\Debug\link.read.1.tlog
G:\mvtk\mvtkCore\Debug\link.write.1.tlog
G:\mvtk\mvtkCore\Debug\mvtkCore.write.1.tlog
G:\mvtk\mvtkCore\Debug\vc110.idb
G:\mvtk\mvtkCore\Debug\vc110.pdb
G:\mvtk\Debug\mvtkCore.pdb
G:\mvtk\Debug\mvtkCore.dll
G:\mvtk\Debug\mvtkCore.ilk
